# JRE version: OpenJDK Runtime Environment (8.0_242-b01) (build 1.8.0_242-release-1644-b01)
# Java VM: OpenJDK 64-Bit Server VM (25.242-b01 mixed mode windows-amd64 compressed oops)
Heap:
 PSYoungGen      total 539136K, used 208490K [0x00000000d5580000, 0x0000000100000000, 0x0000000100000000)
  eden space 379392K, 54% used [0x00000000d5580000,0x00000000e211ab40,0x00000000ec800000)
  from space 159744K, 0% used [0x00000000ec800000,0x00000000ec800000,0x00000000f6400000)
  to   space 151552K, 0% used [0x00000000f6c00000,0x00000000f6c00000,0x0000000100000000)
 ParOldGen       total 717312K, used 338844K [0x0000000080000000, 0x00000000abc80000, 0x00000000d5580000)
  object space 717312K, 47% used [0x0000000080000000,0x0000000094ae70e8,0x00000000abc80000)
 Metaspace       used 115764K, capacity 122430K, committed 126284K, reserved 1159168K
  class space    used 15052K, capacity 16429K, committed 17280K, reserved 1048576K
GC Heap History (10 events):
Event: 739.466 GC heap before
{Heap before GC invocations=37 (full 5):
 PSYoungGen      total 578560K, used 578194K [0x00000000d5580000, 0x0000000100000000, 0x0000000100000000)
  eden space 485888K, 100% used [0x00000000d5580000,0x00000000f3000000,0x00000000f3000000)
  from space 92672K, 99% used [0x00000000f3000000,0x00000000f8a248d0,0x00000000f8a80000)
  to   space 119808K, 0% used [0x00000000f8b00000,0x00000000f8b00000,0x0000000100000000)
 ParOldGen       total 629760K, used 317260K [0x0000000080000000, 0x00000000a6700000, 0x00000000d5580000)
  object space 629760K, 50% used [0x0000000080000000,0x00000000935d3018,0x00000000a6700000)
 Metaspace       used 115030K, capacity 121464K, committed 124876K, reserved 1157120K
  class space    used 15027K, capacity 16356K, committed 17152K, reserved 1048576K
Event: 739.503 GC heap after
Heap after GC invocations=37 (full 5):
 PSYoungGen      total 583168K, used 21605K [0x00000000d5580000, 0x0000000100000000, 0x0000000100000000)
  eden space 463360K, 0% used [0x00000000d5580000,0x00000000d5580000,0x00000000f1a00000)
  from space 119808K, 18% used [0x00000000f8b00000,0x00000000fa019638,0x0000000100000000)
  to   space 115712K, 0% used [0x00000000f1a00000,0x00000000f1a00000,0x00000000f8b00000)
 ParOldGen       total 629760K, used 366690K [0x0000000080000000, 0x00000000a6700000, 0x00000000d5580000)
  object space 629760K, 58% used [0x0000000080000000,0x00000000966188e8,0x00000000a6700000)
 Metaspace       used 115030K, capacity 121464K, committed 124876K, reserved 1157120K
  class space    used 15027K, capacity 16356K, committed 17152K, reserved 1048576K
}
Event: 768.055 GC heap before
{Heap before GC invocations=38 (full 5):
 PSYoungGen      total 583168K, used 484763K [0x00000000d5580000, 0x0000000100000000, 0x0000000100000000)
  eden space 463360K, 99% used [0x00000000d5580000,0x00000000f19cd628,0x00000000f1a00000)
  from space 119808K, 18% used [0x00000000f8b00000,0x00000000fa019638,0x0000000100000000)
  to   space 115712K, 0% used [0x00000000f1a00000,0x00000000f1a00000,0x00000000f8b00000)
 ParOldGen       total 629760K, used 366690K [0x0000000080000000, 0x00000000a6700000, 0x00000000d5580000)
  object space 629760K, 58% used [0x0000000080000000,0x00000000966188e8,0x00000000a6700000)
 Metaspace       used 116558K, capacity 123170K, committed 126284K, reserved 1159168K
  class space    used 15160K, capacity 16533K, committed 17280K, reserved 1048576K
Event: 768.081 GC heap after
Heap after GC invocations=38 (full 5):
 PSYoungGen      total 521216K, used 57625K [0x00000000d5580000, 0x00000000ffa00000, 0x0000000100000000)
  eden space 463360K, 0% used [0x00000000d5580000,0x00000000d5580000,0x00000000f1a00000)
  from space 57856K, 99% used [0x00000000f1a00000,0x00000000f5246748,0x00000000f5280000)
  to   space 114688K, 0% used [0x00000000f8a00000,0x00000000f8a00000,0x00000000ffa00000)
 ParOldGen       total 629760K, used 367807K [0x0000000080000000, 0x00000000a6700000, 0x00000000d5580000)
  object space 629760K, 58% used [0x0000000080000000,0x000000009672ff18,0x00000000a6700000)
 Metaspace       used 116558K, capacity 123170K, committed 126284K, reserved 1159168K
  class space    used 15160K, capacity 16533K, committed 17280K, reserved 1048576K
}
Event: 768.676 GC heap before
{Heap before GC invocations=39 (full 5):
 PSYoungGen      total 521216K, used 520985K [0x00000000d5580000, 0x00000000ffa00000, 0x0000000100000000)
  eden space 463360K, 100% used [0x00000000d5580000,0x00000000f1a00000,0x00000000f1a00000)
  from space 57856K, 99% used [0x00000000f1a00000,0x00000000f5246748,0x00000000f5280000)
  to   space 114688K, 0% used [0x00000000f8a00000,0x00000000f8a00000,0x00000000ffa00000)
 ParOldGen       total 629760K, used 367807K [0x0000000080000000, 0x00000000a6700000, 0x00000000d5580000)
  object space 629760K, 58% used [0x0000000080000000,0x000000009672ff18,0x00000000a6700000)
 Metaspace       used 116570K, capacity 123170K, committed 126284K, reserved 1159168K
  class space    used 15160K, capacity 16533K, committed 17280K, reserved 1048576K
Event: 768.777 GC heap after
Heap after GC invocations=39 (full 5):
 PSYoungGen      total 494080K, used 114659K [0x00000000d5580000, 0x0000000100000000, 0x0000000100000000)
  eden space 379392K, 0% used [0x00000000d5580000,0x00000000d5580000,0x00000000ec800000)
  from space 114688K, 99% used [0x00000000f8a00000,0x00000000ff9f8d88,0x00000000ffa00000)
  to   space 159744K, 0% used [0x00000000ec800000,0x00000000ec800000,0x00000000f6400000)
 ParOldGen       total 629760K, used 437459K [0x0000000080000000, 0x00000000a6700000, 0x00000000d5580000)
  object space 629760K, 69% used [0x0000000080000000,0x000000009ab34fa0,0x00000000a6700000)
 Metaspace       used 116570K, capacity 123170K, committed 126284K, reserved 1159168K
  class space    used 15160K, capacity 16533K, committed 17280K, reserved 1048576K
}
Event: 769.793 GC heap before
{Heap before GC invocations=40 (full 5):
 PSYoungGen      total 494080K, used 494051K [0x00000000d5580000, 0x0000000100000000, 0x0000000100000000)
  eden space 379392K, 100% used [0x00000000d5580000,0x00000000ec800000,0x00000000ec800000)
  from space 114688K, 99% used [0x00000000f8a00000,0x00000000ff9f8d88,0x00000000ffa00000)
  to   space 159744K, 0% used [0x00000000ec800000,0x00000000ec800000,0x00000000f6400000)
 ParOldGen       total 629760K, used 437459K [0x0000000080000000, 0x00000000a6700000, 0x00000000d5580000)
  object space 629760K, 69% used [0x0000000080000000,0x000000009ab34fa0,0x00000000a6700000)
 Metaspace       used 116578K, capacity 123170K, committed 126284K, reserved 1159168K
  class space    used 15160K, capacity 16533K, committed 17280K, reserved 1048576K
Event: 769.931 GC heap after
Heap after GC invocations=40 (full 5):
 PSYoungGen      total 539136K, used 62567K [0x00000000d5580000, 0x0000000100000000, 0x0000000100000000)
  eden space 379392K, 0% used [0x00000000d5580000,0x00000000d5580000,0x00000000ec800000)
  from space 159744K, 39% used [0x00000000ec800000,0x00000000f0519c90,0x00000000f6400000)
  to   space 151552K, 0% used [0x00000000f6c00000,0x00000000f6c00000,0x0000000100000000)
 ParOldGen       total 629760K, used 549201K [0x0000000080000000, 0x00000000a6700000, 0x00000000d5580000)
  object space 629760K, 87% used [0x0000000080000000,0x00000000a1854708,0x00000000a6700000)
 Metaspace       used 116578K, capacity 123170K, committed 126284K, reserved 1159168K
  class space    used 15160K, capacity 16533K, committed 17280K, reserved 1048576K
}
Event: 769.931 GC heap before
{Heap before GC invocations=41 (full 6):
 PSYoungGen      total 539136K, used 62567K [0x00000000d5580000, 0x0000000100000000, 0x0000000100000000)
  eden space 379392K, 0% used [0x00000000d5580000,0x00000000d5580000,0x00000000ec800000)
  from space 159744K, 39% used [0x00000000ec800000,0x00000000f0519c90,0x00000000f6400000)
  to   space 151552K, 0% used [0x00000000f6c00000,0x00000000f6c00000,0x0000000100000000)
 ParOldGen       total 629760K, used 549201K [0x0000000080000000, 0x00000000a6700000, 0x00000000d5580000)
  object space 629760K, 87% used [0x0000000080000000,0x00000000a1854708,0x00000000a6700000)
 Metaspace       used 116578K, capacity 123170K, committed 126284K, reserved 1159168K
  class space    used 15160K, capacity 16533K, committed 17280K, reserved 1048576K
Event: 770.572 GC heap after
Heap after GC invocations=41 (full 6):
 PSYoungGen      total 539136K, used 0K [0x00000000d5580000, 0x0000000100000000, 0x0000000100000000)
  eden space 379392K, 0% used [0x00000000d5580000,0x00000000d5580000,0x00000000ec800000)
  from space 159744K, 0% used [0x00000000ec800000,0x00000000ec800000,0x00000000f6400000)
  to   space 151552K, 0% used [0x00000000f6c00000,0x00000000f6c00000,0x0000000100000000)
 ParOldGen       total 717312K, used 338844K [0x0000000080000000, 0x00000000abc80000, 0x00000000d5580000)
  object space 717312K, 47% used [0x0000000080000000,0x0000000094ae70e8,0x00000000abc80000)
 Metaspace       used 115566K, capacity 122130K, committed 126284K, reserved 1159168K
  class space    used 15035K, capacity 16401K, committed 17280K, reserved 1048576K
}

