# JRE version: OpenJDK Runtime Environment (8.0_242-b01) (build 1.8.0_242-release-1644-b01)
# Java VM: OpenJDK 64-Bit Server VM (25.242-b01 mixed mode windows-amd64 compressed oops)
Heap:
 PSYoungGen      total 584192K, used 254818K [0x00000000d5580000, 0x0000000100000000, 0x0000000100000000)
  eden space 469504K, 42% used [0x00000000d5580000,0x00000000e19dd620,0x00000000f2000000)
  from space 114688K, 46% used [0x00000000f2000000,0x00000000f547b380,0x00000000f9000000)
  to   space 112640K, 0% used [0x00000000f9200000,0x00000000f9200000,0x0000000100000000)
 ParOldGen       total 227328K, used 84831K [0x0000000080000000, 0x000000008de00000, 0x00000000d5580000)
  object space 227328K, 37% used [0x0000000080000000,0x00000000852d7d38,0x000000008de00000)
 Metaspace       used 88478K, capacity 92910K, committed 93480K, reserved 1130496K
  class space    used 11845K, capacity 12719K, committed 12848K, reserved 1048576K
GC Heap History (10 events):
Event: 7.484 GC heap before
{Heap before GC invocations=15 (full 3):
 PSYoungGen      total 478720K, used 478715K [0x00000000d5580000, 0x00000000ff280000, 0x0000000100000000)
  eden space 448000K, 100% used [0x00000000d5580000,0x00000000f0b00000,0x00000000f0b00000)
  from space 30720K, 99% used [0x00000000f0b00000,0x00000000f28fec28,0x00000000f2900000)
  to   space 58368K, 0% used [0x00000000fb980000,0x00000000fb980000,0x00000000ff280000)
 ParOldGen       total 197632K, used 101153K [0x0000000080000000, 0x000000008c100000, 0x00000000d5580000)
  object space 197632K, 51% used [0x0000000080000000,0x00000000862c85e0,0x000000008c100000)
 Metaspace       used 72685K, capacity 77562K, committed 77736K, reserved 1116160K
  class space    used 10234K, capacity 11130K, committed 11184K, reserved 1048576K
Event: 7.588 GC heap after
Heap after GC invocations=15 (full 3):
 PSYoungGen      total 527872K, used 58356K [0x00000000d5580000, 0x0000000100000000, 0x0000000100000000)
  eden space 469504K, 0% used [0x00000000d5580000,0x00000000d5580000,0x00000000f2000000)
  from space 58368K, 99% used [0x00000000fb980000,0x00000000ff27d078,0x00000000ff280000)
  to   space 114688K, 0% used [0x00000000f2000000,0x00000000f2000000,0x00000000f9000000)
 ParOldGen       total 227328K, used 227203K [0x0000000080000000, 0x000000008de00000, 0x00000000d5580000)
  object space 227328K, 99% used [0x0000000080000000,0x000000008dde0dd8,0x000000008de00000)
 Metaspace       used 72685K, capacity 77562K, committed 77736K, reserved 1116160K
  class space    used 10234K, capacity 11130K, committed 11184K, reserved 1048576K
}
Event: 7.588 GC heap before
{Heap before GC invocations=16 (full 4):
 PSYoungGen      total 527872K, used 58356K [0x00000000d5580000, 0x0000000100000000, 0x0000000100000000)
  eden space 469504K, 0% used [0x00000000d5580000,0x00000000d5580000,0x00000000f2000000)
  from space 58368K, 99% used [0x00000000fb980000,0x00000000ff27d078,0x00000000ff280000)
  to   space 114688K, 0% used [0x00000000f2000000,0x00000000f2000000,0x00000000f9000000)
 ParOldGen       total 227328K, used 227203K [0x0000000080000000, 0x000000008de00000, 0x00000000d5580000)
  object space 227328K, 99% used [0x0000000080000000,0x000000008dde0dd8,0x000000008de00000)
 Metaspace       used 72685K, capacity 77562K, committed 77736K, reserved 1116160K
  class space    used 10234K, capacity 11130K, committed 11184K, reserved 1048576K
Event: 8.065 GC heap after
Heap after GC invocations=16 (full 4):
 PSYoungGen      total 527872K, used 8468K [0x00000000d5580000, 0x0000000100000000, 0x0000000100000000)
  eden space 469504K, 0% used [0x00000000d5580000,0x00000000d5580000,0x00000000f2000000)
  from space 58368K, 14% used [0x00000000fb980000,0x00000000fc1c50e8,0x00000000ff280000)
  to   space 114688K, 0% used [0x00000000f2000000,0x00000000f2000000,0x00000000f9000000)
 ParOldGen       total 227328K, used 227124K [0x0000000080000000, 0x000000008de00000, 0x00000000d5580000)
  object space 227328K, 99% used [0x0000000080000000,0x000000008ddcd378,0x000000008de00000)
 Metaspace       used 72036K, capacity 75624K, committed 77736K, reserved 1116160K
  class space    used 10022K, capacity 10759K, committed 11184K, reserved 1048576K
}
Event: 9.348 GC heap before
{Heap before GC invocations=17 (full 5):
 PSYoungGen      total 527872K, used 477972K [0x00000000d5580000, 0x0000000100000000, 0x0000000100000000)
  eden space 469504K, 100% used [0x00000000d5580000,0x00000000f2000000,0x00000000f2000000)
  from space 58368K, 14% used [0x00000000fb980000,0x00000000fc1c50e8,0x00000000ff280000)
  to   space 114688K, 0% used [0x00000000f2000000,0x00000000f2000000,0x00000000f9000000)
 ParOldGen       total 227328K, used 227124K [0x0000000080000000, 0x000000008de00000, 0x00000000d5580000)
  object space 227328K, 99% used [0x0000000080000000,0x000000008ddcd378,0x000000008de00000)
 Metaspace       used 73086K, capacity 76920K, committed 78632K, reserved 1116160K
  class space    used 10126K, capacity 10903K, committed 11312K, reserved 1048576K
Event: 10.463 GC heap after
Heap after GC invocations=17 (full 5):
 PSYoungGen      total 527872K, used 65409K [0x00000000d5580000, 0x0000000100000000, 0x0000000100000000)
  eden space 469504K, 13% used [0x00000000d5580000,0x00000000d9560628,0x00000000f2000000)
  from space 58368K, 0% used [0x00000000fb980000,0x00000000fb980000,0x00000000ff280000)
  to   space 114688K, 0% used [0x00000000f2000000,0x00000000f2000000,0x00000000f9000000)
 ParOldGen       total 227328K, used 227259K [0x0000000080000000, 0x000000008de00000, 0x00000000d5580000)
  object space 227328K, 99% used [0x0000000080000000,0x000000008ddeefa0,0x000000008de00000)
 Metaspace       used 73082K, capacity 76908K, committed 78632K, reserved 1116160K
  class space    used 10124K, capacity 10901K, committed 11312K, reserved 1048576K
}
Event: 62.175 GC heap before
{Heap before GC invocations=18 (full 6):
 PSYoungGen      total 527872K, used 469504K [0x00000000d5580000, 0x0000000100000000, 0x0000000100000000)
  eden space 469504K, 100% used [0x00000000d5580000,0x00000000f2000000,0x00000000f2000000)
  from space 58368K, 0% used [0x00000000fb980000,0x00000000fb980000,0x00000000ff280000)
  to   space 114688K, 0% used [0x00000000f2000000,0x00000000f2000000,0x00000000f9000000)
 ParOldGen       total 227328K, used 227259K [0x0000000080000000, 0x000000008de00000, 0x00000000d5580000)
  object space 227328K, 99% used [0x0000000080000000,0x000000008ddeefa0,0x000000008de00000)
 Metaspace       used 80658K, capacity 84786K, committed 85928K, reserved 1124352K
  class space    used 10900K, capacity 11722K, committed 11952K, reserved 1048576K
Event: 62.264 GC heap after
Heap after GC invocations=18 (full 6):
 PSYoungGen      total 527872K, used 0K [0x00000000d5580000, 0x0000000100000000, 0x0000000100000000)
  eden space 469504K, 0% used [0x00000000d5580000,0x00000000d5580000,0x00000000f2000000)
  from space 58368K, 0% used [0x00000000fb980000,0x00000000fb980000,0x00000000ff280000)
  to   space 114688K, 0% used [0x00000000f2000000,0x00000000f2000000,0x00000000f9000000)
 ParOldGen       total 227328K, used 84799K [0x0000000080000000, 0x000000008de00000, 0x00000000d5580000)
  object space 227328K, 37% used [0x0000000080000000,0x00000000852cfc08,0x000000008de00000)
 Metaspace       used 80658K, capacity 84786K, committed 85928K, reserved 1124352K
  class space    used 10900K, capacity 11722K, committed 11952K, reserved 1048576K
}
Event: 63.750 GC heap before
{Heap before GC invocations=19 (full 6):
 PSYoungGen      total 527872K, used 469504K [0x00000000d5580000, 0x0000000100000000, 0x0000000100000000)
  eden space 469504K, 100% used [0x00000000d5580000,0x00000000f2000000,0x00000000f2000000)
  from space 58368K, 0% used [0x00000000fb980000,0x00000000fb980000,0x00000000ff280000)
  to   space 114688K, 0% used [0x00000000f2000000,0x00000000f2000000,0x00000000f9000000)
 ParOldGen       total 227328K, used 84823K [0x0000000080000000, 0x000000008de00000, 0x00000000d5580000)
  object space 227328K, 37% used [0x0000000080000000,0x00000000852d5d38,0x000000008de00000)
 Metaspace       used 88468K, capacity 92910K, committed 93480K, reserved 1130496K
  class space    used 11844K, capacity 12719K, committed 12848K, reserved 1048576K
Event: 63.782 GC heap after
Heap after GC invocations=19 (full 6):
 PSYoungGen      total 584192K, used 53740K [0x00000000d5580000, 0x0000000100000000, 0x0000000100000000)
  eden space 469504K, 0% used [0x00000000d5580000,0x00000000d5580000,0x00000000f2000000)
  from space 114688K, 46% used [0x00000000f2000000,0x00000000f547b380,0x00000000f9000000)
  to   space 112640K, 0% used [0x00000000f9200000,0x00000000f9200000,0x0000000100000000)
 ParOldGen       total 227328K, used 84831K [0x0000000080000000, 0x000000008de00000, 0x00000000d5580000)
  object space 227328K, 37% used [0x0000000080000000,0x00000000852d7d38,0x000000008de00000)
 Metaspace       used 88468K, capacity 92910K, committed 93480K, reserved 1130496K
  class space    used 11844K, capacity 12719K, committed 12848K, reserved 1048576K
}

