# JRE version: OpenJDK Runtime Environment (8.0_242-b01) (build 1.8.0_242-release-1644-b01)
# Java VM: OpenJDK 64-Bit Server VM (25.242-b01 mixed mode windows-amd64 compressed oops)
Heap:
 PSYoungGen      total 532480K, used 226072K [0x00000000d5580000, 0x00000000ff600000, 0x0000000100000000)
  eden space 391680K, 55% used [0x00000000d5580000,0x00000000e2aca288,0x00000000ed400000)
  from space 140800K, 5% used [0x00000000f6c80000,0x00000000f73fc010,0x00000000ff600000)
  to   space 148480K, 0% used [0x00000000ed400000,0x00000000ed400000,0x00000000f6500000)
 ParOldGen       total 507904K, used 367718K [0x0000000080000000, 0x000000009f000000, 0x00000000d5580000)
  object space 507904K, 72% used [0x0000000080000000,0x0000000096719ad8,0x000000009f000000)
 Metaspace       used 92976K, capacity 97874K, committed 99112K, reserved 1134592K
  class space    used 12366K, capacity 13325K, committed 13616K, reserved 1048576K
GC Heap History (10 events):
Event: 8.535 GC heap before
{Heap before GC invocations=16 (full 3):
 PSYoungGen      total 602624K, used 602622K [0x00000000d5580000, 0x0000000100000000, 0x0000000100000000)
  eden space 557568K, 100% used [0x00000000d5580000,0x00000000f7600000,0x00000000f7600000)
  from space 45056K, 99% used [0x00000000fb980000,0x00000000fe57fa18,0x00000000fe580000)
  to   space 69120K, 0% used [0x00000000f7600000,0x00000000f7600000,0x00000000fb980000)
 ParOldGen       total 195072K, used 110158K [0x0000000080000000, 0x000000008be80000, 0x00000000d5580000)
  object space 195072K, 56% used [0x0000000080000000,0x0000000086b93ae8,0x000000008be80000)
 Metaspace       used 83719K, capacity 89474K, committed 89640K, reserved 1126400K
  class space    used 11709K, capacity 12759K, committed 12848K, reserved 1048576K
Event: 8.659 GC heap after
Heap after GC invocations=16 (full 3):
 PSYoungGen      total 626688K, used 69114K [0x00000000d5580000, 0x0000000100000000, 0x0000000100000000)
  eden space 557568K, 0% used [0x00000000d5580000,0x00000000d5580000,0x00000000f7600000)
  from space 69120K, 99% used [0x00000000f7600000,0x00000000fb97e928,0x00000000fb980000)
  to   space 72192K, 0% used [0x00000000fb980000,0x00000000fb980000,0x0000000100000000)
 ParOldGen       total 247808K, used 247627K [0x0000000080000000, 0x000000008f200000, 0x00000000d5580000)
  object space 247808K, 99% used [0x0000000080000000,0x000000008f1d2c20,0x000000008f200000)
 Metaspace       used 83719K, capacity 89474K, committed 89640K, reserved 1126400K
  class space    used 11709K, capacity 12759K, committed 12848K, reserved 1048576K
}
Event: 8.659 GC heap before
{Heap before GC invocations=17 (full 4):
 PSYoungGen      total 626688K, used 69114K [0x00000000d5580000, 0x0000000100000000, 0x0000000100000000)
  eden space 557568K, 0% used [0x00000000d5580000,0x00000000d5580000,0x00000000f7600000)
  from space 69120K, 99% used [0x00000000f7600000,0x00000000fb97e928,0x00000000fb980000)
  to   space 72192K, 0% used [0x00000000fb980000,0x00000000fb980000,0x0000000100000000)
 ParOldGen       total 247808K, used 247627K [0x0000000080000000, 0x000000008f200000, 0x00000000d5580000)
  object space 247808K, 99% used [0x0000000080000000,0x000000008f1d2c20,0x000000008f200000)
 Metaspace       used 83719K, capacity 89474K, committed 89640K, reserved 1126400K
  class space    used 11709K, capacity 12759K, committed 12848K, reserved 1048576K
Event: 9.090 GC heap after
Heap after GC invocations=17 (full 4):
 PSYoungGen      total 626688K, used 27408K [0x00000000d5580000, 0x0000000100000000, 0x0000000100000000)
  eden space 557568K, 0% used [0x00000000d5580000,0x00000000d5580000,0x00000000f7600000)
  from space 69120K, 39% used [0x00000000f7600000,0x00000000f90c42d0,0x00000000fb980000)
  to   space 72192K, 0% used [0x00000000fb980000,0x00000000fb980000,0x0000000100000000)
 ParOldGen       total 507904K, used 247549K [0x0000000080000000, 0x000000009f000000, 0x00000000d5580000)
  object space 507904K, 48% used [0x0000000080000000,0x000000008f1bf520,0x000000009f000000)
 Metaspace       used 83035K, capacity 87498K, committed 89640K, reserved 1126400K
  class space    used 11482K, capacity 12357K, committed 12848K, reserved 1048576K
}
Event: 10.543 GC heap before
{Heap before GC invocations=18 (full 4):
 PSYoungGen      total 626688K, used 580023K [0x00000000d5580000, 0x0000000100000000, 0x0000000100000000)
  eden space 557568K, 99% used [0x00000000d5580000,0x00000000f7129b68,0x00000000f7600000)
  from space 69120K, 39% used [0x00000000f7600000,0x00000000f90c42d0,0x00000000fb980000)
  to   space 72192K, 0% used [0x00000000fb980000,0x00000000fb980000,0x0000000100000000)
 ParOldGen       total 507904K, used 247549K [0x0000000080000000, 0x000000009f000000, 0x00000000d5580000)
  object space 507904K, 48% used [0x0000000080000000,0x000000008f1bf520,0x000000009f000000)
 Metaspace       used 83580K, capacity 88120K, committed 90152K, reserved 1126400K
  class space    used 11499K, capacity 12372K, committed 12848K, reserved 1048576K
Event: 10.625 GC heap after
Heap after GC invocations=18 (full 4):
 PSYoungGen      total 458752K, used 72189K [0x00000000d5580000, 0x0000000100000000, 0x0000000100000000)
  eden space 386560K, 0% used [0x00000000d5580000,0x00000000d5580000,0x00000000ecf00000)
  from space 72192K, 99% used [0x00000000fb980000,0x00000000fffff768,0x0000000100000000)
  to   space 156160K, 0% used [0x00000000ecf00000,0x00000000ecf00000,0x00000000f6780000)
 ParOldGen       total 507904K, used 310219K [0x0000000080000000, 0x000000009f000000, 0x00000000d5580000)
  object space 507904K, 61% used [0x0000000080000000,0x0000000092ef2ee0,0x000000009f000000)
 Metaspace       used 83580K, capacity 88120K, committed 90152K, reserved 1126400K
  class space    used 11499K, capacity 12372K, committed 12848K, reserved 1048576K
}
Event: 38.119 GC heap before
{Heap before GC invocations=19 (full 4):
 PSYoungGen      total 458752K, used 458749K [0x00000000d5580000, 0x0000000100000000, 0x0000000100000000)
  eden space 386560K, 100% used [0x00000000d5580000,0x00000000ecf00000,0x00000000ecf00000)
  from space 72192K, 99% used [0x00000000fb980000,0x00000000fffff768,0x0000000100000000)
  to   space 156160K, 0% used [0x00000000ecf00000,0x00000000ecf00000,0x00000000f6780000)
 ParOldGen       total 507904K, used 310219K [0x0000000080000000, 0x000000009f000000, 0x00000000d5580000)
  object space 507904K, 61% used [0x0000000080000000,0x0000000092ef2ee0,0x000000009f000000)
 Metaspace       used 90915K, capacity 95598K, committed 97192K, reserved 1132544K
  class space    used 12227K, capacity 13139K, committed 13488K, reserved 1048576K
Event: 38.158 GC heap after
Heap after GC invocations=19 (full 4):
 PSYoungGen      total 542720K, used 24295K [0x00000000d5580000, 0x0000000100000000, 0x0000000100000000)
  eden space 386560K, 0% used [0x00000000d5580000,0x00000000d5580000,0x00000000ecf00000)
  from space 156160K, 15% used [0x00000000ecf00000,0x00000000ee6b9e70,0x00000000f6780000)
  to   space 151040K, 0% used [0x00000000f6c80000,0x00000000f6c80000,0x0000000100000000)
 ParOldGen       total 507904K, used 364297K [0x0000000080000000, 0x000000009f000000, 0x00000000d5580000)
  object space 507904K, 71% used [0x0000000080000000,0x00000000963c2488,0x000000009f000000)
 Metaspace       used 90915K, capacity 95598K, committed 97192K, reserved 1132544K
  class space    used 12227K, capacity 13139K, committed 13488K, reserved 1048576K
}
Event: 92.398 GC heap before
{Heap before GC invocations=20 (full 4):
 PSYoungGen      total 542720K, used 410855K [0x00000000d5580000, 0x0000000100000000, 0x0000000100000000)
  eden space 386560K, 100% used [0x00000000d5580000,0x00000000ecf00000,0x00000000ecf00000)
  from space 156160K, 15% used [0x00000000ecf00000,0x00000000ee6b9e70,0x00000000f6780000)
  to   space 151040K, 0% used [0x00000000f6c80000,0x00000000f6c80000,0x0000000100000000)
 ParOldGen       total 507904K, used 364297K [0x0000000080000000, 0x000000009f000000, 0x00000000d5580000)
  object space 507904K, 71% used [0x0000000080000000,0x00000000963c2488,0x000000009f000000)
 Metaspace       used 91473K, capacity 96144K, committed 97448K, reserved 1132544K
  class space    used 12244K, capacity 13166K, committed 13488K, reserved 1048576K
Event: 92.408 GC heap after
Heap after GC invocations=20 (full 4):
 PSYoungGen      total 532480K, used 7664K [0x00000000d5580000, 0x00000000ff600000, 0x0000000100000000)
  eden space 391680K, 0% used [0x00000000d5580000,0x00000000d5580000,0x00000000ed400000)
  from space 140800K, 5% used [0x00000000f6c80000,0x00000000f73fc010,0x00000000ff600000)
  to   space 148480K, 0% used [0x00000000ed400000,0x00000000ed400000,0x00000000f6500000)
 ParOldGen       total 507904K, used 367718K [0x0000000080000000, 0x000000009f000000, 0x00000000d5580000)
  object space 507904K, 72% used [0x0000000080000000,0x0000000096719ad8,0x000000009f000000)
 Metaspace       used 91473K, capacity 96144K, committed 97448K, reserved 1132544K
  class space    used 12244K, capacity 13166K, committed 13488K, reserved 1048576K
}

