# JRE version: OpenJDK Runtime Environment (8.0_242-b01) (build 1.8.0_242-release-1644-b01)
# Java VM: OpenJDK 64-Bit Server VM (25.242-b01 mixed mode windows-amd64 compressed oops)
Heap:
 PSYoungGen      total 347648K, used 80708K [0x00000000d5580000, 0x00000000f5680000, 0x0000000100000000)
  eden space 321024K, 25% used [0x00000000d5580000,0x00000000da4511f8,0x00000000e8f00000)
  from space 26624K, 0% used [0x00000000e8f00000,0x00000000e8f00000,0x00000000ea900000)
  to   space 26624K, 0% used [0x00000000f3c80000,0x00000000f3c80000,0x00000000f5680000)
 ParOldGen       total 139776K, used 36492K [0x0000000080000000, 0x0000000088880000, 0x00000000d5580000)
  object space 139776K, 26% used [0x0000000080000000,0x00000000823a33f0,0x0000000088880000)
 Metaspace       used 61637K, capacity 64252K, committed 64552K, reserved 1103872K
  class space    used 8548K, capacity 9145K, committed 9264K, reserved 1048576K
GC Heap History (10 events):
Event: 2.303 GC heap before
{Heap before GC invocations=8 (full 2):
 PSYoungGen      total 231936K, used 8542K [0x00000000d5580000, 0x00000000e4900000, 0x0000000100000000)
  eden space 216576K, 0% used [0x00000000d5580000,0x00000000d5580000,0x00000000e2900000)
  from space 15360K, 55% used [0x00000000e3780000,0x00000000e3fd7888,0x00000000e4680000)
  to   space 14848K, 0% used [0x00000000e2900000,0x00000000e2900000,0x00000000e3780000)
 ParOldGen       total 93184K, used 10398K [0x0000000080000000, 0x0000000085b00000, 0x00000000d5580000)
  object space 93184K, 11% used [0x0000000080000000,0x0000000080a278f8,0x0000000085b00000)
 Metaspace       used 34323K, capacity 35420K, committed 35496K, reserved 1079296K
  class space    used 4723K, capacity 5003K, committed 5040K, reserved 1048576K
Event: 2.328 GC heap after
Heap after GC invocations=8 (full 2):
 PSYoungGen      total 231936K, used 0K [0x00000000d5580000, 0x00000000e4900000, 0x0000000100000000)
  eden space 216576K, 0% used [0x00000000d5580000,0x00000000d5580000,0x00000000e2900000)
  from space 15360K, 0% used [0x00000000e3780000,0x00000000e3780000,0x00000000e4680000)
  to   space 14848K, 0% used [0x00000000e2900000,0x00000000e2900000,0x00000000e3780000)
 ParOldGen       total 139776K, used 14879K [0x0000000080000000, 0x0000000088880000, 0x00000000d5580000)
  object space 139776K, 10% used [0x0000000080000000,0x0000000080e87dd0,0x0000000088880000)
 Metaspace       used 34323K, capacity 35420K, committed 35496K, reserved 1079296K
  class space    used 4723K, capacity 5003K, committed 5040K, reserved 1048576K
}
Event: 2.996 GC heap before
{Heap before GC invocations=9 (full 2):
 PSYoungGen      total 231936K, used 216576K [0x00000000d5580000, 0x00000000e4900000, 0x0000000100000000)
  eden space 216576K, 100% used [0x00000000d5580000,0x00000000e2900000,0x00000000e2900000)
  from space 15360K, 0% used [0x00000000e3780000,0x00000000e3780000,0x00000000e4680000)
  to   space 14848K, 0% used [0x00000000e2900000,0x00000000e2900000,0x00000000e3780000)
 ParOldGen       total 139776K, used 14879K [0x0000000080000000, 0x0000000088880000, 0x00000000d5580000)
  object space 139776K, 10% used [0x0000000080000000,0x0000000080e87dd0,0x0000000088880000)
 Metaspace       used 42211K, capacity 43946K, committed 44072K, reserved 1087488K
  class space    used 5767K, capacity 6157K, committed 6192K, reserved 1048576K
Event: 3.005 GC heap after
Heap after GC invocations=9 (full 2):
 PSYoungGen      total 231424K, used 14840K [0x00000000d5580000, 0x00000000eb980000, 0x0000000100000000)
  eden space 216576K, 0% used [0x00000000d5580000,0x00000000d5580000,0x00000000e2900000)
  from space 14848K, 99% used [0x00000000e2900000,0x00000000e377e3f0,0x00000000e3780000)
  to   space 16896K, 0% used [0x00000000ea900000,0x00000000ea900000,0x00000000eb980000)
 ParOldGen       total 139776K, used 15202K [0x0000000080000000, 0x0000000088880000, 0x00000000d5580000)
  object space 139776K, 10% used [0x0000000080000000,0x0000000080ed8880,0x0000000088880000)
 Metaspace       used 42211K, capacity 43946K, committed 44072K, reserved 1087488K
  class space    used 5767K, capacity 6157K, committed 6192K, reserved 1048576K
}
Event: 4.038 GC heap before
{Heap before GC invocations=10 (full 2):
 PSYoungGen      total 231424K, used 231416K [0x00000000d5580000, 0x00000000eb980000, 0x0000000100000000)
  eden space 216576K, 100% used [0x00000000d5580000,0x00000000e2900000,0x00000000e2900000)
  from space 14848K, 99% used [0x00000000e2900000,0x00000000e377e3f0,0x00000000e3780000)
  to   space 16896K, 0% used [0x00000000ea900000,0x00000000ea900000,0x00000000eb980000)
 ParOldGen       total 139776K, used 15202K [0x0000000080000000, 0x0000000088880000, 0x00000000d5580000)
  object space 139776K, 10% used [0x0000000080000000,0x0000000080ed8880,0x0000000088880000)
 Metaspace       used 56427K, capacity 58880K, committed 59048K, reserved 1099776K
  class space    used 7712K, capacity 8247K, committed 8368K, reserved 1048576K
Event: 4.056 GC heap after
Heap after GC invocations=10 (full 2):
 PSYoungGen      total 337920K, used 16868K [0x00000000d5580000, 0x00000000ec780000, 0x0000000100000000)
  eden space 321024K, 0% used [0x00000000d5580000,0x00000000d5580000,0x00000000e8f00000)
  from space 16896K, 99% used [0x00000000ea900000,0x00000000eb979310,0x00000000eb980000)
  to   space 26624K, 0% used [0x00000000e8f00000,0x00000000e8f00000,0x00000000ea900000)
 ParOldGen       total 139776K, used 31960K [0x0000000080000000, 0x0000000088880000, 0x00000000d5580000)
  object space 139776K, 22% used [0x0000000080000000,0x0000000081f36080,0x0000000088880000)
 Metaspace       used 56427K, capacity 58880K, committed 59048K, reserved 1099776K
  class space    used 7712K, capacity 8247K, committed 8368K, reserved 1048576K
}
Event: 4.078 GC heap before
{Heap before GC invocations=11 (full 2):
 PSYoungGen      total 337920K, used 27755K [0x00000000d5580000, 0x00000000ec780000, 0x0000000100000000)
  eden space 321024K, 3% used [0x00000000d5580000,0x00000000d6021a80,0x00000000e8f00000)
  from space 16896K, 99% used [0x00000000ea900000,0x00000000eb979310,0x00000000eb980000)
  to   space 26624K, 0% used [0x00000000e8f00000,0x00000000e8f00000,0x00000000ea900000)
 ParOldGen       total 139776K, used 31960K [0x0000000080000000, 0x0000000088880000, 0x00000000d5580000)
  object space 139776K, 22% used [0x0000000080000000,0x0000000081f36080,0x0000000088880000)
 Metaspace       used 56602K, capacity 59056K, committed 59160K, reserved 1099776K
  class space    used 7741K, capacity 8323K, committed 8368K, reserved 1048576K
Event: 4.086 GC heap after
Heap after GC invocations=11 (full 2):
 PSYoungGen      total 347648K, used 17428K [0x00000000d5580000, 0x00000000f5680000, 0x0000000100000000)
  eden space 321024K, 0% used [0x00000000d5580000,0x00000000d5580000,0x00000000e8f00000)
  from space 26624K, 65% used [0x00000000e8f00000,0x00000000ea005320,0x00000000ea900000)
  to   space 26624K, 0% used [0x00000000f3c80000,0x00000000f3c80000,0x00000000f5680000)
 ParOldGen       total 139776K, used 31968K [0x0000000080000000, 0x0000000088880000, 0x00000000d5580000)
  object space 139776K, 22% used [0x0000000080000000,0x0000000081f38080,0x0000000088880000)
 Metaspace       used 56602K, capacity 59056K, committed 59160K, reserved 1099776K
  class space    used 7741K, capacity 8323K, committed 8368K, reserved 1048576K
}
Event: 4.086 GC heap before
{Heap before GC invocations=12 (full 3):
 PSYoungGen      total 347648K, used 17428K [0x00000000d5580000, 0x00000000f5680000, 0x0000000100000000)
  eden space 321024K, 0% used [0x00000000d5580000,0x00000000d5580000,0x00000000e8f00000)
  from space 26624K, 65% used [0x00000000e8f00000,0x00000000ea005320,0x00000000ea900000)
  to   space 26624K, 0% used [0x00000000f3c80000,0x00000000f3c80000,0x00000000f5680000)
 ParOldGen       total 139776K, used 31968K [0x0000000080000000, 0x0000000088880000, 0x00000000d5580000)
  object space 139776K, 22% used [0x0000000080000000,0x0000000081f38080,0x0000000088880000)
 Metaspace       used 56602K, capacity 59056K, committed 59160K, reserved 1099776K
  class space    used 7741K, capacity 8323K, committed 8368K, reserved 1048576K
Event: 4.242 GC heap after
Heap after GC invocations=12 (full 3):
 PSYoungGen      total 347648K, used 0K [0x00000000d5580000, 0x00000000f5680000, 0x0000000100000000)
  eden space 321024K, 0% used [0x00000000d5580000,0x00000000d5580000,0x00000000e8f00000)
  from space 26624K, 0% used [0x00000000e8f00000,0x00000000e8f00000,0x00000000ea900000)
  to   space 26624K, 0% used [0x00000000f3c80000,0x00000000f3c80000,0x00000000f5680000)
 ParOldGen       total 139776K, used 36492K [0x0000000080000000, 0x0000000088880000, 0x00000000d5580000)
  object space 139776K, 26% used [0x0000000080000000,0x00000000823a33f0,0x0000000088880000)
 Metaspace       used 56557K, capacity 58906K, committed 59160K, reserved 1099776K
  class space    used 7728K, capacity 8298K, committed 8368K, reserved 1048576K
}

