# JRE version: OpenJDK Runtime Environment (8.0_242-b01) (build 1.8.0_242-release-1644-b01)
# Java VM: OpenJDK 64-Bit Server VM (25.242-b01 mixed mode windows-amd64 compressed oops)
Heap:
 PSYoungGen      total 359936K, used 135801K [0x00000000d5580000, 0x00000000f1f80000, 0x0000000100000000)
  eden space 296448K, 29% used [0x00000000d5580000,0x00000000dabcde60,0x00000000e7700000)
  from space 63488K, 74% used [0x00000000ee180000,0x00000000f0fd06b0,0x00000000f1f80000)
  to   space 49152K, 0% used [0x00000000e7700000,0x00000000e7700000,0x00000000ea700000)
 ParOldGen       total 221184K, used 135171K [0x0000000080000000, 0x000000008d800000, 0x00000000d5580000)
  object space 221184K, 61% used [0x0000000080000000,0x0000000088400e68,0x000000008d800000)
 Metaspace       used 91478K, capacity 95734K, committed 96024K, reserved 1134592K
  class space    used 11938K, capacity 12783K, committed 12848K, reserved 1048576K
GC Heap History (10 events):
Event: 25.917 GC heap before
{Heap before GC invocations=17 (full 3):
 PSYoungGen      total 264704K, used 243105K [0x00000000d5580000, 0x00000000ea600000, 0x0000000100000000)
  eden space 226816K, 100% used [0x00000000d5580000,0x00000000e3300000,0x00000000e3300000)
  from space 37888K, 42% used [0x00000000e3300000,0x00000000e42e8600,0x00000000e5800000)
  to   space 35840K, 0% used [0x00000000e8300000,0x00000000e8300000,0x00000000ea600000)
 ParOldGen       total 221184K, used 86406K [0x0000000080000000, 0x000000008d800000, 0x00000000d5580000)
  object space 221184K, 39% used [0x0000000080000000,0x00000000854619c8,0x000000008d800000)
 Metaspace       used 79077K, capacity 82716K, committed 82968K, reserved 1120256K
  class space    used 10499K, capacity 11235K, committed 11312K, reserved 1048576K
Event: 25.933 GC heap after
Heap after GC invocations=17 (full 3):
 PSYoungGen      total 297472K, used 24882K [0x00000000d5580000, 0x00000000ea200000, 0x0000000100000000)
  eden space 265728K, 0% used [0x00000000d5580000,0x00000000d5580000,0x00000000e5900000)
  from space 31744K, 78% used [0x00000000e8300000,0x00000000e9b4cbb8,0x00000000ea200000)
  to   space 37376K, 0% used [0x00000000e5900000,0x00000000e5900000,0x00000000e7d80000)
 ParOldGen       total 221184K, used 86414K [0x0000000080000000, 0x000000008d800000, 0x00000000d5580000)
  object space 221184K, 39% used [0x0000000080000000,0x00000000854639c8,0x000000008d800000)
 Metaspace       used 79077K, capacity 82716K, committed 82968K, reserved 1120256K
  class space    used 10499K, capacity 11235K, committed 11312K, reserved 1048576K
}
Event: 30.112 GC heap before
{Heap before GC invocations=18 (full 3):
 PSYoungGen      total 297472K, used 290610K [0x00000000d5580000, 0x00000000ea200000, 0x0000000100000000)
  eden space 265728K, 100% used [0x00000000d5580000,0x00000000e5900000,0x00000000e5900000)
  from space 31744K, 78% used [0x00000000e8300000,0x00000000e9b4cbb8,0x00000000ea200000)
  to   space 37376K, 0% used [0x00000000e5900000,0x00000000e5900000,0x00000000e7d80000)
 ParOldGen       total 221184K, used 86414K [0x0000000080000000, 0x000000008d800000, 0x00000000d5580000)
  object space 221184K, 39% used [0x0000000080000000,0x00000000854639c8,0x000000008d800000)
 Metaspace       used 80490K, capacity 84236K, committed 84376K, reserved 1122304K
  class space    used 10588K, capacity 11353K, committed 11440K, reserved 1048576K
Event: 30.127 GC heap after
Heap after GC invocations=18 (full 3):
 PSYoungGen      total 303104K, used 30790K [0x00000000d5580000, 0x00000000ece00000, 0x0000000100000000)
  eden space 265728K, 0% used [0x00000000d5580000,0x00000000d5580000,0x00000000e5900000)
  from space 37376K, 82% used [0x00000000e5900000,0x00000000e7711a48,0x00000000e7d80000)
  to   space 39936K, 0% used [0x00000000ea700000,0x00000000ea700000,0x00000000ece00000)
 ParOldGen       total 221184K, used 86422K [0x0000000080000000, 0x000000008d800000, 0x00000000d5580000)
  object space 221184K, 39% used [0x0000000080000000,0x00000000854659c8,0x000000008d800000)
 Metaspace       used 80490K, capacity 84236K, committed 84376K, reserved 1122304K
  class space    used 10588K, capacity 11353K, committed 11440K, reserved 1048576K
}
Event: 31.927 GC heap before
{Heap before GC invocations=19 (full 3):
 PSYoungGen      total 303104K, used 296518K [0x00000000d5580000, 0x00000000ece00000, 0x0000000100000000)
  eden space 265728K, 100% used [0x00000000d5580000,0x00000000e5900000,0x00000000e5900000)
  from space 37376K, 82% used [0x00000000e5900000,0x00000000e7711a48,0x00000000e7d80000)
  to   space 39936K, 0% used [0x00000000ea700000,0x00000000ea700000,0x00000000ece00000)
 ParOldGen       total 221184K, used 86422K [0x0000000080000000, 0x000000008d800000, 0x00000000d5580000)
  object space 221184K, 39% used [0x0000000080000000,0x00000000854659c8,0x000000008d800000)
 Metaspace       used 88209K, capacity 92150K, committed 92440K, reserved 1130496K
  class space    used 11442K, capacity 12255K, committed 12336K, reserved 1048576K
Event: 31.958 GC heap after
Heap after GC invocations=19 (full 3):
 PSYoungGen      total 336384K, used 39907K [0x00000000d5580000, 0x00000000ee800000, 0x0000000100000000)
  eden space 296448K, 0% used [0x00000000d5580000,0x00000000d5580000,0x00000000e7700000)
  from space 39936K, 99% used [0x00000000ea700000,0x00000000ecdf8e20,0x00000000ece00000)
  to   space 49152K, 0% used [0x00000000e7700000,0x00000000e7700000,0x00000000ea700000)
 ParOldGen       total 221184K, used 95134K [0x0000000080000000, 0x000000008d800000, 0x00000000d5580000)
  object space 221184K, 43% used [0x0000000080000000,0x0000000085ce7820,0x000000008d800000)
 Metaspace       used 88209K, capacity 92150K, committed 92440K, reserved 1130496K
  class space    used 11442K, capacity 12255K, committed 12336K, reserved 1048576K
}
Event: 33.114 GC heap before
{Heap before GC invocations=20 (full 3):
 PSYoungGen      total 336384K, used 336355K [0x00000000d5580000, 0x00000000ee800000, 0x0000000100000000)
  eden space 296448K, 100% used [0x00000000d5580000,0x00000000e7700000,0x00000000e7700000)
  from space 39936K, 99% used [0x00000000ea700000,0x00000000ecdf8e20,0x00000000ece00000)
  to   space 49152K, 0% used [0x00000000e7700000,0x00000000e7700000,0x00000000ea700000)
 ParOldGen       total 221184K, used 95158K [0x0000000080000000, 0x000000008d800000, 0x00000000d5580000)
  object space 221184K, 43% used [0x0000000080000000,0x0000000085ced860,0x000000008d800000)
 Metaspace       used 90377K, capacity 94342K, committed 94488K, reserved 1130496K
  class space    used 11758K, capacity 12571K, committed 12592K, reserved 1048576K
Event: 33.148 GC heap after
Heap after GC invocations=20 (full 3):
 PSYoungGen      total 345600K, used 49122K [0x00000000d5580000, 0x00000000f1f80000, 0x0000000100000000)
  eden space 296448K, 0% used [0x00000000d5580000,0x00000000d5580000,0x00000000e7700000)
  from space 49152K, 99% used [0x00000000e7700000,0x00000000ea6f8b80,0x00000000ea700000)
  to   space 63488K, 0% used [0x00000000ee180000,0x00000000ee180000,0x00000000f1f80000)
 ParOldGen       total 221184K, used 114704K [0x0000000080000000, 0x000000008d800000, 0x00000000d5580000)
  object space 221184K, 51% used [0x0000000080000000,0x00000000870041f0,0x000000008d800000)
 Metaspace       used 90377K, capacity 94342K, committed 94488K, reserved 1130496K
  class space    used 11758K, capacity 12571K, committed 12592K, reserved 1048576K
}
Event: 33.322 GC heap before
{Heap before GC invocations=21 (full 3):
 PSYoungGen      total 345600K, used 345570K [0x00000000d5580000, 0x00000000f1f80000, 0x0000000100000000)
  eden space 296448K, 100% used [0x00000000d5580000,0x00000000e7700000,0x00000000e7700000)
  from space 49152K, 99% used [0x00000000e7700000,0x00000000ea6f8b80,0x00000000ea700000)
  to   space 63488K, 0% used [0x00000000ee180000,0x00000000ee180000,0x00000000f1f80000)
 ParOldGen       total 221184K, used 114708K [0x0000000080000000, 0x000000008d800000, 0x00000000d5580000)
  object space 221184K, 51% used [0x0000000080000000,0x0000000087005080,0x000000008d800000)
 Metaspace       used 90390K, capacity 94406K, committed 94488K, reserved 1130496K
  class space    used 11759K, capacity 12571K, committed 12592K, reserved 1048576K
Event: 33.369 GC heap after
Heap after GC invocations=21 (full 3):
 PSYoungGen      total 359936K, used 47425K [0x00000000d5580000, 0x00000000f1f80000, 0x0000000100000000)
  eden space 296448K, 0% used [0x00000000d5580000,0x00000000d5580000,0x00000000e7700000)
  from space 63488K, 74% used [0x00000000ee180000,0x00000000f0fd06b0,0x00000000f1f80000)
  to   space 49152K, 0% used [0x00000000e7700000,0x00000000e7700000,0x00000000ea700000)
 ParOldGen       total 221184K, used 135171K [0x0000000080000000, 0x000000008d800000, 0x00000000d5580000)
  object space 221184K, 61% used [0x0000000080000000,0x0000000088400e68,0x000000008d800000)
 Metaspace       used 90390K, capacity 94406K, committed 94488K, reserved 1130496K
  class space    used 11759K, capacity 12571K, committed 12592K, reserved 1048576K
}

